<?xml version="1.0" encoding="UTF-8"?>
<!-- Generated by org.testng.reporters.JUnitReportReporter -->
<testsuite hostname="CTC-LAPT-173" failures="0" tests="1" name="tests.SignInTest" time="26.236" errors="0" timestamp="19 Apr 2023 08:59:40 GMT" skipped="0">
  <testcase classname="tests.SignInTest" name="LoginUnsuccessfully" time="26.236"/>
</testsuite> <!-- tests.SignInTest -->
