<?xml version="1.0" encoding="UTF-8"?>
<!-- Generated by org.testng.reporters.JUnitReportReporter -->
<testsuite hostname="CTC-LAPT-173" failures="0" tests="1" name="tests.SignUpTest" time="10.455" errors="0" timestamp="20 Apr 2023 06:33:48 GMT" skipped="0">
  <testcase classname="tests.SignUpTest" name="SignUpSuccessfully" time="10.455"/>
</testsuite> <!-- tests.SignUpTest -->
