<?xml version="1.0" encoding="UTF-8"?>
<!-- Generated by org.testng.reporters.JUnitReportReporter -->
<testsuite hostname="CTC-LAPT-071" failures="0" tests="1" name="tests.SignUpTest" time="27.820" errors="0" timestamp="25 Apr 2023 03:56:10 GMT" skipped="0">
  <testcase classname="tests.SignUpTest" name="SignUpSuccessfully" time="27.820"/>
</testsuite> <!-- tests.SignUpTest -->
