<?xml version="1.0" encoding="UTF-8"?>
<!-- Generated by org.testng.reporters.JUnitReportReporter -->
<testsuite hostname="CTC-LAPT-071" failures="0" tests="1" name="tests.SignInTest" time="24.845" errors="0" timestamp="21 Apr 2023 11:32:05 GMT" skipped="0">
  <testcase classname="tests.SignInTest" name="LoginUnsuccessfully" time="24.845"/>
</testsuite> <!-- tests.SignInTest -->
